{
  "RSpec": {
    "coverage": {
      "/home/daniel-he/tic-tac-toe-rb-ruby-intro-000/lib/tic_tac_toe.rb": [
        null,
        1,
        0,
        null,
        null,
        null,
        null,
        1,
        null,
        null,
        null,
        null,
        null,
        null,
        null,
        null,
        null,
        1,
        61,
        397,
        null,
        null,
        null,
        1,
        156,
        null,
        null,
        1,
        18,
        null,
        null,
        1,
        28,
        null,
        null,
        1,
        7,
        6,
        null,
        null,
        null,
        1,
        21,
        21,
        189,
        31,
        null,
        null,
        21,
        null,
        null,
        1,
        20,
        null,
        null,
        1,
        12,
        17,
        null,
        12,
        5,
        null,
        null,
        null,
        null,
        1,
        24,
        24,
        24,
        24,
        24,
        null,
        null,
        1,
        23,
        null,
        null,
        1,
        23,
        null,
        null,
        1,
        422,
        null,
        null,
        1,
        23,
        null,
        null,
        1,
        20,
        20,
        20,
        20,
        19,
        19,
        null,
        1,
        null,
        null
      ]
    },
    "timestamp": 1599461837
  }
}
